00:00:00.000166 main     VirtualBox XPCOM Server 6.0.4 r128164 linux.amd64 (Feb 11 2019 06:41:23) release log
00:00:00.000168 main     Log opened 2019-03-23T22:42:50.741536000Z
00:00:00.000169 main     Build Type: release
00:00:00.000171 main     OS Product: Linux
00:00:00.000172 main     OS Release: 4.18.17_1
00:00:00.000173 main     OS Version: #1 SMP PREEMPT Tue Nov 6 19:10:50 UTC 2018
00:00:00.000197 main     DMI Product Name: Precision T1700
00:00:00.000204 main     DMI Product Version: 01
00:00:00.000240 main     Host RAM: 16050MB (15.6GB) total, 12425MB (12.1GB) available
00:00:00.000244 main     Executable: /usr/lib/virtualbox/VBoxSVC
00:00:00.000244 main     Process ID: 3474
00:00:00.000244 main     Package type: LINUX_64BITS_GENERIC (OSE)
00:00:00.001522 main     IPC socket path: /tmp/.vbox-eamoc-ipc/ipcd
00:00:00.105657 nspr-2   VirtualBox: object creation starts
00:00:00.105756 nspr-2   Home directory: '/home/eamoc/.config/VirtualBox'
00:00:00.105925 nspr-2   Loading settings file "/home/eamoc/.config/VirtualBox/VirtualBox.xml" with version "1.12-linux"
00:00:00.106876 nspr-2   NAT: resolv.conf: nameserver 192.168.0.1
00:00:00.106897 nspr-2   NAT: resolv.conf: nameserver 2001:730:3ec2::11
00:00:00.106904 nspr-2   NAT: resolv.conf: nameserver 2001:730:3ec2::10
00:00:00.106920 nspr-2   HostDnsMonitor::updateInfo
00:00:00.106943 nspr-2   HostDnsMonitor: old information
00:00:00.106948 nspr-2     no server entries
00:00:00.106954 nspr-2     no domain set
00:00:00.106959 nspr-2     no search string entries
00:00:00.106964 nspr-2   HostDnsMonitor: new information
00:00:00.106969 nspr-2     server 1: 192.168.0.1
00:00:00.106974 nspr-2     server 2: 2001:730:3ec2::11
00:00:00.106979 nspr-2     server 3: 2001:730:3ec2::10
00:00:00.106984 nspr-2     domain: home
00:00:00.106989 nspr-2     no search string entries
00:00:00.107564 nspr-2   HostPowerServiceLinux: DBus connection Error (Failed to connect to socket /run/dbus/system_bus_socket: No such file or directory)
00:00:00.107608 nspr-2   Failed to open "/dev/vboxdrvu", errno=2, rc=VERR_VM_DRIVER_NOT_INSTALLED
00:00:00.107821 nspr-2   VD: VDInit finished with VINF_SUCCESS
00:00:00.107912 nspr-2   ERROR [COM]: aRC=NS_ERROR_FAILURE (0x80004005) aIID={d55176e5-6730-4e9e-fc1f-a59b1f44f78f} aComponent={SystemPropertiesWrap} aText={Cannot determine default Guest Additions ISO location. Most likely they are not available}, preserve=false aResultDetail=0
00:00:00.110760 nspr-2   Loading settings file "/home/eamoc/VirtualBox VMs/ubuntu/ubuntu.vbox" with version "1.16-linux"
00:00:00.111296 nspr-2   VirtualBox: object created
00:00:00.370424 nspr-3   WARNING [COM]: aRC=NS_ERROR_FAILURE (0x80004005) aIID={dbe11e5f-7f10-46e7-94c4-1e95bf4b6627} aComponent={HostWrap} aText={Could not load the Host USB Proxy service: VERR_NOT_FOUND}, preserve=true  aResultDetail=0
00:00:00.400342 nspr-3   Failed to open "/dev/vboxdrvu", errno=2, rc=VERR_VM_DRIVER_NOT_INSTALLED
00:00:00.440900 nspr-3   WARNING [COM]: aRC=NS_ERROR_FAILURE (0x80004005) aIID={dbe11e5f-7f10-46e7-94c4-1e95bf4b6627} aComponent={HostWrap} aText={Could not load the Host USB Proxy service: VERR_NOT_FOUND}, preserve=true  aResultDetail=0
00:00:00.441660 nspr-3   WARNING [COM]: aRC=NS_ERROR_FAILURE (0x80004005) aIID={dbe11e5f-7f10-46e7-94c4-1e95bf4b6627} aComponent={HostWrap} aText={Could not load the Host USB Proxy service: VERR_NOT_FOUND}, preserve=true  aResultDetail=0
00:00:13.392866 nspr-3   Saving settings file "/home/eamoc/.config/VirtualBox/VirtualBox.xml" with version "1.12-linux"
00:00:13.484553 nspr-3   Saving settings file "/home/eamoc/.config/VirtualBox/VirtualBox.xml" with version "1.12-linux"
00:00:19.041830 main     VirtualBox: object deletion starts
00:00:19.041862 main     ERROR [COM]: aRC=VBOX_E_OBJECT_IN_USE (0x80bb000c) aIID={ad47ad09-787b-44ab-b343-a082a3f2dfb1} aComponent={MediumWrap} aText={Medium '/home/eamoc/VirtualBox VMs/ubuntu/ubuntu.vdi' cannot be closed because it is still attached to 1 virtual machines}, preserve=false aResultDetail=0
00:00:19.042083 main     {00007f50d00164d0} HostPowerServiceLinux::~HostPowerServiceLinux: RTThreadWait() for 5000 ms failed with VERR_INVALID_HANDLE
00:00:19.042449 Watcher  ERROR [COM]: aRC=E_ACCESSDENIED (0x80070005) aIID={d0a0163f-e254-4e5b-a1f2-011cf991c38d} aComponent={VirtualBoxWrap} aText={The object is not ready}, preserve=false aResultDetail=0
00:00:19.042513 main     VirtualBox: object deleted
